[0903/215116:ERROR:process_reader_win.cc(232)] ReadMemory at 0x6eaa0000 of 64 bytes failed: 仅完成部分的 ReadProcessMemory 或 WriteProcessMemory 请求。 (0x12B)
[0903/215116:WARNING:pe_image_reader.cc(280)] could not read dos header from C:\Windows\system32\apphelp.dll
[0903/215116:ERROR:process_reader_win.cc(232)] ReadMemory at 0x738a0000 of 64 bytes failed: 仅完成部分的 ReadProcessMemory 或 WriteProcessMemory 请求。 (0x12B)
[0903/215116:WARNING:pe_image_reader.cc(280)] could not read dos header from C:\Windows\System32\CRYPTBASE.dll
[0903/215116:ERROR:process_reader_win.cc(232)] ReadMemory at 0x738b0000 of 64 bytes failed: 仅完成部分的 ReadProcessMemory 或 WriteProcessMemory 请求。 (0x12B)
[0903/215116:WARNING:pe_image_reader.cc(280)] could not read dos header from C:\Windows\System32\SspiCli.dll
[0903/215116:ERROR:process_reader_win.cc(232)] ReadMemory at 0x753c0000 of 64 bytes failed: 仅完成部分的 ReadProcessMemory 或 WriteProcessMemory 请求。 (0x12B)
[0903/215116:WARNING:pe_image_reader.cc(280)] could not read dos header from C:\Windows\System32\RPCRT4.dll
[0903/215116:ERROR:process_reader_win.cc(232)] ReadMemory at 0x758c0000 of 64 bytes failed: 仅完成部分的 ReadProcessMemory 或 WriteProcessMemory 请求。 (0x12B)
[0903/215116:WARNING:pe_image_reader.cc(280)] could not read dos header from C:\Windows\System32\sechost.dll
[0903/215116:ERROR:process_reader_win.cc(232)] ReadMemory at 0x73c50000 of 64 bytes failed: 仅完成部分的 ReadProcessMemory 或 WriteProcessMemory 请求。 (0x12B)
[0903/215116:WARNING:pe_image_reader.cc(280)] could not read dos header from C:\Windows\System32\ucrtbase.dll
[0903/215116:ERROR:process_reader_win.cc(232)] ReadMemory at 0x75640000 of 64 bytes failed: 仅完成部分的 ReadProcessMemory 或 WriteProcessMemory 请求。 (0x12B)
[0903/215116:WARNING:pe_image_reader.cc(280)] could not read dos header from C:\Windows\System32\combase.dll
[0903/215116:ERROR:process_reader_win.cc(232)] ReadMemory at 0x768f0000 of 64 bytes failed: 仅完成部分的 ReadProcessMemory 或 WriteProcessMemory 请求。 (0x12B)
[0903/215116:WARNING:pe_image_reader.cc(280)] could not read dos header from C:\Windows\System32\win32u.dll
[0903/215116:ERROR:process_reader_win.cc(232)] ReadMemory at 0x75260000 of 64 bytes failed: 仅完成部分的 ReadProcessMemory 或 WriteProcessMemory 请求。 (0x12B)
[0903/215116:WARNING:pe_image_reader.cc(280)] could not read dos header from C:\Windows\System32\USER32.dll
[0903/215116:ERROR:process_reader_win.cc(232)] ReadMemory at 0x75f00000 of 64 bytes failed: 仅完成部分的 ReadProcessMemory 或 WriteProcessMemory 请求。 (0x12B)
[0903/215116:WARNING:pe_image_reader.cc(280)] could not read dos header from C:\Windows\System32\gdi32full.dll
[0903/215116:ERROR:process_reader_win.cc(232)] ReadMemory at 0x76e80000 of 64 bytes failed: 仅完成部分的 ReadProcessMemory 或 WriteProcessMemory 请求。 (0x12B)
[0903/215116:WARNING:pe_image_reader.cc(280)] could not read dos header from C:\Windows\System32\GDI32.dll
[0903/215116:ERROR:process_reader_win.cc(232)] ReadMemory at 0x76eb0000 of 64 bytes failed: 仅完成部分的 ReadProcessMemory 或 WriteProcessMemory 请求。 (0x12B)
[0903/215116:WARNING:pe_image_reader.cc(280)] could not read dos header from C:\Windows\System32\IMM32.DLL
[0903/215116:ERROR:process_reader_win.cc(232)] ReadMemory at 0x75570000 of 64 bytes failed: 仅完成部分的 ReadProcessMemory 或 WriteProcessMemory 请求。 (0x12B)
[0903/215116:WARNING:pe_image_reader.cc(280)] could not read dos header from C:\Windows\System32\SHLWAPI.dll
[0903/215116:ERROR:process_reader_win.cc(232)] ReadMemory at 0x72840000 of 64 bytes failed: 仅完成部分的 ReadProcessMemory 或 WriteProcessMemory 请求。 (0x12B)
[0903/215116:WARNING:pe_image_reader.cc(280)] could not read dos header from C:\Windows\SYSTEM32\UxTheme.dll
[0903/215116:ERROR:process_reader_win.cc(232)] ReadMemory at 0x75b40000 of 64 bytes failed: 仅完成部分的 ReadProcessMemory 或 WriteProcessMemory 请求。 (0x12B)
[0903/215116:WARNING:pe_image_reader.cc(280)] could not read dos header from C:\Windows\System32\cfgmgr32.dll
[0903/215116:ERROR:process_reader_win.cc(232)] ReadMemory at 0x723b0000 of 64 bytes failed: 仅完成部分的 ReadProcessMemory 或 WriteProcessMemory 请求。 (0x12B)
[0903/215116:WARNING:pe_image_reader.cc(280)] could not read dos header from C:\Windows\SYSTEM32\WINMMBASE.dll
[0903/215116:ERROR:process_reader_win.cc(232)] ReadMemory at 0x723e0000 of 64 bytes failed: 仅完成部分的 ReadProcessMemory 或 WriteProcessMemory 请求。 (0x12B)
[0903/215116:WARNING:pe_image_reader.cc(280)] could not read dos header from C:\Windows\SYSTEM32\WINMM.dll
[0903/215116:ERROR:process_reader_win.cc(232)] ReadMemory at 0x73660000 of 64 bytes failed: 仅完成部分的 ReadProcessMemory 或 WriteProcessMemory 请求。 (0x12B)
[0903/215116:WARNING:pe_image_reader.cc(280)] could not read dos header from C:\Windows\SYSTEM32\samcli.dll
[0903/215116:ERROR:process_reader_win.cc(232)] ReadMemory at 0x76490000 of 64 bytes failed: 仅完成部分的 ReadProcessMemory 或 WriteProcessMemory 请求。 (0x12B)
[0903/215116:WARNING:pe_image_reader.cc(280)] could not read dos header from C:\Windows\System32\ole32.dll
[0903/215116:ERROR:process_reader_win.cc(232)] ReadMemory at 0x75180000 of 64 bytes failed: 仅完成部分的 ReadProcessMemory 或 WriteProcessMemory 请求。 (0x12B)
[0903/215116:WARNING:pe_image_reader.cc(280)] could not read dos header from C:\Windows\System32\msvcp_win.dll
[0903/215116:ERROR:process_reader_win.cc(232)] ReadMemory at 0x73b50000 of 64 bytes failed: 仅完成部分的 ReadProcessMemory 或 WriteProcessMemory 请求。 (0x12B)
[0903/215116:WARNING:pe_image_reader.cc(280)] could not read dos header from C:\Windows\System32\OLEAUT32.dll
[0903/215116:ERROR:process_reader_win.cc(232)] ReadMemory at 0x755c0000 of 64 bytes failed: 仅完成部分的 ReadProcessMemory 或 WriteProcessMemory 请求。 (0x12B)
[0903/215116:WARNING:pe_image_reader.cc(280)] could not read dos header from C:\Windows\System32\advapi32.dll
[0903/215116:ERROR:process_reader_win.cc(232)] ReadMemory at 0x70b30000 of 64 bytes failed: 仅完成部分的 ReadProcessMemory 或 WriteProcessMemory 请求。 (0x12B)
[0903/215116:WARNING:pe_image_reader.cc(280)] could not read dos header from C:\Windows\SYSTEM32\MSACM32.dll
[0903/215116:ERROR:process_reader_win.cc(232)] ReadMemory at 0x72810000 of 64 bytes failed: 仅完成部分的 ReadProcessMemory 或 WriteProcessMemory 请求。 (0x12B)
[0903/215116:WARNING:pe_image_reader.cc(280)] could not read dos header from C:\Windows\SYSTEM32\VERSION.dll
[0903/215116:ERROR:process_reader_win.cc(232)] ReadMemory at 0x75200000 of 64 bytes failed: 仅完成部分的 ReadProcessMemory 或 WriteProcessMemory 请求。 (0x12B)
[0903/215116:WARNING:pe_image_reader.cc(280)] could not read dos header from C:\Windows\System32\powrprof.dll
[0903/215116:ERROR:process_reader_win.cc(232)] ReadMemory at 0x76060000 of 64 bytes failed: 仅完成部分的 ReadProcessMemory 或 WriteProcessMemory 请求。 (0x12B)
[0903/215116:WARNING:pe_image_reader.cc(280)] could not read dos header from C:\Windows\System32\kernel.appcore.dll
[0903/215116:ERROR:process_reader_win.cc(232)] ReadMemory at 0x75d00000 of 64 bytes failed: 仅完成部分的 ReadProcessMemory 或 WriteProcessMemory 请求。 (0x12B)
[0903/215116:WARNING:pe_image_reader.cc(280)] could not read dos header from C:\Windows\System32\shcore.dll
[0903/215116:ERROR:process_reader_win.cc(232)] ReadMemory at 0x75e30000 of 64 bytes failed: 仅完成部分的 ReadProcessMemory 或 WriteProcessMemory 请求。 (0x12B)
[0903/215116:WARNING:pe_image_reader.cc(280)] could not read dos header from C:\Windows\System32\profapi.dll
[0903/215116:ERROR:process_reader_win.cc(232)] ReadMemory at 0x76910000 of 64 bytes failed: 仅完成部分的 ReadProcessMemory 或 WriteProcessMemory 请求。 (0x12B)
[0903/215116:WARNING:pe_image_reader.cc(280)] could not read dos header from C:\Windows\System32\windows.storage.dll
[0903/215116:ERROR:process_reader_win.cc(232)] ReadMemory at 0x73da0000 of 64 bytes failed: 仅完成部分的 ReadProcessMemory 或 WriteProcessMemory 请求。 (0x12B)
[0903/215116:WARNING:pe_image_reader.cc(280)] could not read dos header from C:\Windows\System32\SHELL32.dll
[0903/215116:ERROR:process_reader_win.cc(232)] ReadMemory at 0x727e0000 of 64 bytes failed: 仅完成部分的 ReadProcessMemory 或 WriteProcessMemory 请求。 (0x12B)
[0903/215116:WARNING:pe_image_reader.cc(280)] could not read dos header from C:\Windows\SYSTEM32\USERENV.dll
[0903/215116:ERROR:process_reader_win.cc(232)] ReadMemory at 0x72820000 of 64 bytes failed: 仅完成部分的 ReadProcessMemory 或 WriteProcessMemory 请求。 (0x12B)
[0903/215116:WARNING:pe_image_reader.cc(280)] could not read dos header from C:\Windows\SYSTEM32\dwmapi.dll
[0903/215116:ERROR:process_reader_win.cc(232)] ReadMemory at 0x6f310000 of 64 bytes failed: 仅完成部分的 ReadProcessMemory 或 WriteProcessMemory 请求。 (0x12B)
[0903/215116:WARNING:pe_image_reader.cc(280)] could not read dos header from C:\Windows\SYSTEM32\iertutil.dll
[0903/215116:ERROR:process_reader_win.cc(232)] ReadMemory at 0x6f540000 of 64 bytes failed: 仅完成部分的 ReadProcessMemory 或 WriteProcessMemory 请求。 (0x12B)
[0903/215116:WARNING:pe_image_reader.cc(280)] could not read dos header from C:\Windows\SYSTEM32\urlmon.dll
[0903/215116:ERROR:process_reader_win.cc(232)] ReadMemory at 0x71910000 of 64 bytes failed: 仅完成部分的 ReadProcessMemory 或 WriteProcessMemory 请求。 (0x12B)
[0903/215116:WARNING:pe_image_reader.cc(280)] could not read dos header from C:\Windows\SYSTEM32\bcrypt.dll
[0903/215116:ERROR:process_reader_win.cc(232)] ReadMemory at 0x71590000 of 64 bytes failed: 仅完成部分的 ReadProcessMemory 或 WriteProcessMemory 请求。 (0x12B)
[0903/215116:WARNING:pe_image_reader.cc(280)] could not read dos header from C:\Windows\SYSTEM32\WINSPOOL.DRV
[0903/215116:ERROR:process_reader_win.cc(232)] ReadMemory at 0x73760000 of 64 bytes failed: 仅完成部分的 ReadProcessMemory 或 WriteProcessMemory 请求。 (0x12B)
[0903/215116:WARNING:pe_image_reader.cc(280)] could not read dos header from C:\Windows\SYSTEM32\MPR.dll
[0903/215116:ERROR:process_reader_win.cc(232)] ReadMemory at 0x6f930000 of 64 bytes failed: 仅完成部分的 ReadProcessMemory 或 WriteProcessMemory 请求。 (0x12B)
[0903/215116:WARNING:pe_image_reader.cc(280)] could not read dos header from C:\Program Files (x86)\Google\Chrome\Application\51.0.2704.106\chrome_elf.dll
[0903/215116:ERROR:process_reader_win.cc(232)] ReadMemory at 0x72800000 of 64 bytes failed: 仅完成部分的 ReadProcessMemory 或 WriteProcessMemory 请求。 (0x12B)
[0903/215116:WARNING:pe_image_reader.cc(280)] could not read dos header from C:\Windows\SYSTEM32\WTSAPI32.dll
[0903/215116:ERROR:process_reader_win.cc(232)] ReadMemory at 0x716a0000 of 64 bytes failed: 仅完成部分的 ReadProcessMemory 或 WriteProcessMemory 请求。 (0x12B)
[0903/215116:WARNING:pe_image_reader.cc(280)] could not read dos header from C:\Windows\SYSTEM32\WINHTTP.dll
[0903/215116:ERROR:process_reader_win.cc(232)] ReadMemory at 0x6ed20000 of 64 bytes failed: 仅完成部分的 ReadProcessMemory 或 WriteProcessMemory 请求。 (0x12B)
[0903/215116:WARNING:pe_image_reader.cc(280)] could not read dos header from C:\Windows\SYSTEM32\ninput.dll
[0903/215116:ERROR:process_reader_win.cc(232)] ReadMemory at 0x76070000 of 64 bytes failed: 仅完成部分的 ReadProcessMemory 或 WriteProcessMemory 请求。 (0x12B)
[0903/215116:WARNING:pe_image_reader.cc(280)] could not read dos header from C:\Windows\System32\PSAPI.DLL
[0903/215116:ERROR:process_reader_win.cc(232)] ReadMemory at 0x73d30000 of 64 bytes failed: 仅完成部分的 ReadProcessMemory 或 WriteProcessMemory 请求。 (0x12B)
[0903/215116:WARNING:pe_image_reader.cc(280)] could not read dos header from C:\Windows\System32\WS2_32.dll
[0903/215116:ERROR:process_reader_win.cc(232)] ReadMemory at 0x73780000 of 64 bytes failed: 仅完成部分的 ReadProcessMemory 或 WriteProcessMemory 请求。 (0x12B)
[0903/215116:WARNING:pe_image_reader.cc(280)] could not read dos header from C:\Windows\SYSTEM32\NETAPI32.dll
[0903/215116:ERROR:process_reader_win.cc(232)] ReadMemory at 0x70290000 of 64 bytes failed: 仅完成部分的 ReadProcessMemory 或 WriteProcessMemory 请求。 (0x12B)
[0903/215116:WARNING:pe_image_reader.cc(280)] could not read dos header from C:\Windows\SYSTEM32\WKSCLI.DLL
[0903/215116:ERROR:process_reader_win.cc(232)] ReadMemory at 0x73650000 of 64 bytes failed: 仅完成部分的 ReadProcessMemory 或 WriteProcessMemory 请求。 (0x12B)
[0903/215116:WARNING:pe_image_reader.cc(280)] could not read dos header from C:\Windows\SYSTEM32\NETUTILS.DLL
[0903/215116:ERROR:process_reader_win.cc(232)] ReadMemory at 0x6de90000 of 64 bytes failed: 仅完成部分的 ReadProcessMemory 或 WriteProcessMemory 请求。 (0x12B)
[0903/215116:WARNING:pe_image_reader.cc(280)] could not read dos header from C:\Program Files (x86)\360\360SafegF\360Safe\safemon\safemon.dll
[0903/215116:ERROR:process_reader_win.cc(232)] ReadMemory at 0x6e720000 of 64 bytes failed: 仅完成部分的 ReadProcessMemory 或 WriteProcessMemory 请求。 (0x12B)
[0903/215116:WARNING:pe_image_reader.cc(280)] could not read dos header from C:\Program Files (x86)\360\360SafegF\360Safe\safemon\iNetSafe.dll
[0903/215116:ERROR:process_reader_win.cc(232)] ReadMemory at 0x70610000 of 64 bytes failed: 仅完成部分的 ReadProcessMemory 或 WriteProcessMemory 请求。 (0x12B)
[0903/215116:WARNING:pe_image_reader.cc(280)] could not read dos header from C:\Windows\WinSxS\x86_microsoft.windows.common-controls_6595b64144ccf1df_6.0.14393.351_none_89c04962db040fd9\COMCTL32.dll
[0903/215116:ERROR:process_reader_win.cc(232)] ReadMemory at 0x76580000 of 64 bytes failed: 仅完成部分的 ReadProcessMemory 或 WriteProcessMemory 请求。 (0x12B)
[0903/215116:WARNING:pe_image_reader.cc(280)] could not read dos header from C:\Windows\System32\COMDLG32.dll
[0903/215116:ERROR:process_reader_win.cc(232)] ReadMemory at 0x72e50000 of 64 bytes failed: 仅完成部分的 ReadProcessMemory 或 WriteProcessMemory 请求。 (0x12B)
[0903/215116:WARNING:pe_image_reader.cc(280)] could not read dos header from C:\Windows\SYSTEM32\IPHLPAPI.DLL
[0903/215116:ERROR:process_reader_win.cc(232)] ReadMemory at 0x704d0000 of 64 bytes failed: 仅完成部分的 ReadProcessMemory 或 WriteProcessMemory 请求。 (0x12B)
[0903/215116:WARNING:pe_image_reader.cc(280)] could not read dos header from C:\Windows\SYSTEM32\USP10.dll
[0903/215116:ERROR:process_reader_win.cc(232)] ReadMemory at 0x73a40000 of 64 bytes failed: 仅完成部分的 ReadProcessMemory 或 WriteProcessMemory 请求。 (0x12B)
[0903/215116:WARNING:pe_image_reader.cc(280)] could not read dos header from C:\Windows\System32\MSASN1.dll
[0903/215116:ERROR:process_reader_win.cc(232)] ReadMemory at 0x75b80000 of 64 bytes failed: 仅完成部分的 ReadProcessMemory 或 WriteProcessMemory 请求。 (0x12B)
[0903/215116:WARNING:pe_image_reader.cc(280)] could not read dos header from C:\Windows\System32\CRYPT32.dll
[0903/215116:ERROR:process_reader_win.cc(232)] ReadMemory at 0x76820000 of 64 bytes failed: 仅完成部分的 ReadProcessMemory 或 WriteProcessMemory 请求。 (0x12B)
[0903/215116:WARNING:pe_image_reader.cc(280)] could not read dos header from C:\Windows\System32\WINTRUST.dll
[0903/215116:ERROR:process_reader_win.cc(232)] ReadMemory at 0x725b0000 of 64 bytes failed: 仅完成部分的 ReadProcessMemory 或 WriteProcessMemory 请求。 (0x12B)
[0903/215116:WARNING:pe_image_reader.cc(280)] could not read dos header from C:\Windows\SYSTEM32\Secur32.dll
[0903/215116:ERROR:process_reader_win.cc(232)] ReadMemory at 0x563c0000 of 64 bytes failed: 仅完成部分的 ReadProcessMemory 或 WriteProcessMemory 请求。 (0x12B)
[0903/215116:WARNING:pe_image_reader.cc(280)] could not read dos header from C:\Program Files (x86)\Google\Chrome\Application\51.0.2704.106\chrome_child.dll
[0903/215116:ERROR:process_reader_win.cc(232)] ReadMemory at 0x3680000 of 64 bytes failed: 仅完成部分的 ReadProcessMemory 或 WriteProcessMemory 请求。 (0x12B)
[0903/215116:WARNING:pe_image_reader.cc(280)] could not read dos header from C:\Windows\SYSTEM32\dwrite.dll
[0903/215116:ERROR:process_reader_win.cc(232)] ReadMemory at 0xfd0000 of 64 bytes failed: 仅完成部分的 ReadProcessMemory 或 WriteProcessMemory 请求。 (0x12B)
[0903/215116:WARNING:pe_image_reader.cc(280)] could not read dos header from C:\Program Files (x86)\Google\Chrome\Application\chrome.exe
[0903/215116:ERROR:process_reader_win.cc(232)] ReadMemory at 0x76670000 of 64 bytes failed: 仅完成部分的 ReadProcessMemory 或 WriteProcessMemory 请求。 (0x12B)
[0903/215116:WARNING:pe_image_reader.cc(280)] could not read dos header from C:\Windows\System32\KERNELBASE.dll
[0903/215116:ERROR:process_reader_win.cc(232)] ReadMemory at 0x75490000 of 64 bytes failed: 仅完成部分的 ReadProcessMemory 或 WriteProcessMemory 请求。 (0x12B)
[0903/215116:WARNING:pe_image_reader.cc(280)] could not read dos header from C:\Windows\System32\KERNEL32.DLL
[0903/215116:ERROR:process_reader_win.cc(232)] ReadMemory at 0x6e760000 of 64 bytes failed: 仅完成部分的 ReadProcessMemory 或 WriteProcessMemory 请求。 (0x12B)
[0903/215116:WARNING:pe_image_reader.cc(280)] could not read dos header from C:\Windows\AppPatch\AcGenral.dll
[0903/215116:ERROR:process_reader_win.cc(232)] ReadMemory at 0x76ee0000 of 64 bytes failed: 仅完成部分的 ReadProcessMemory 或 WriteProcessMemory 请求。 (0x12B)
[0903/215116:WARNING:pe_image_reader.cc(280)] could not read dos header from C:\Windows\SYSTEM32\ntdll.dll
[0903/215116:ERROR:process_reader_win.cc(232)] ReadMemory at 0x6eaa0000 of 64 bytes failed: 仅完成部分的 ReadProcessMemory 或 WriteProcessMemory 请求。 (0x12B)
[0903/215116:WARNING:pe_image_reader.cc(280)] could not read dos header from C:\Windows\system32\apphelp.dll
[0903/215116:ERROR:process_reader_win.cc(232)] ReadMemory at 0x75e40000 of 64 bytes failed: 仅完成部分的 ReadProcessMemory 或 WriteProcessMemory 请求。 (0x12B)
[0903/215116:WARNING:pe_image_reader.cc(280)] could not read dos header from C:\Windows\System32\msvcrt.dll
[0903/215116:ERROR:process_reader_win.cc(232)] ReadMemory at 0x76890000 of 64 bytes failed: 仅完成部分的 ReadProcessMemory 或 WriteProcessMemory 请求。 (0x12B)
[0903/215116:WARNING:pe_image_reader.cc(280)] could not read dos header from C:\Windows\System32\bcryptPrimitives.dll
[0903/215116:ERROR:process_reader_win.cc(232)] ReadMemory at 0x738a0000 of 64 bytes failed: 仅完成部分的 ReadProcessMemory 或 WriteProcessMemory 请求。 (0x12B)
[0903/215116:WARNING:pe_image_reader.cc(280)] could not read dos header from C:\Windows\System32\CRYPTBASE.dll
[0903/215116:ERROR:process_reader_win.cc(232)] ReadMemory at 0x738b0000 of 64 bytes failed: 仅完成部分的 ReadProcessMemory 或 WriteProcessMemory 请求。 (0x12B)
[0903/215116:WARNING:pe_image_reader.cc(280)] could not read dos header from C:\Windows\System32\SspiCli.dll
[0903/215116:ERROR:process_reader_win.cc(232)] ReadMemory at 0x753c0000 of 64 bytes failed: 仅完成部分的 ReadProcessMemory 或 WriteProcessMemory 请求。 (0x12B)
[0903/215116:WARNING:pe_image_reader.cc(280)] could not read dos header from C:\Windows\System32\RPCRT4.dll
[0903/215116:ERROR:process_reader_win.cc(232)] ReadMemory at 0x758c0000 of 64 bytes failed: 仅完成部分的 ReadProcessMemory 或 WriteProcessMemory 请求。 (0x12B)
[0903/215116:WARNING:pe_image_reader.cc(280)] could not read dos header from C:\Windows\System32\sechost.dll
[0903/215116:ERROR:process_reader_win.cc(232)] ReadMemory at 0x73c50000 of 64 bytes failed: 仅完成部分的 ReadProcessMemory 或 WriteProcessMemory 请求。 (0x12B)
[0903/215116:WARNING:pe_image_reader.cc(280)] could not read dos header from C:\Windows\System32\ucrtbase.dll
[0903/215116:ERROR:process_reader_win.cc(232)] ReadMemory at 0x75640000 of 64 bytes failed: 仅完成部分的 ReadProcessMemory 或 WriteProcessMemory 请求。 (0x12B)
[0903/215116:WARNING:pe_image_reader.cc(280)] could not read dos header from C:\Windows\System32\combase.dll
[0903/215116:ERROR:process_reader_win.cc(232)] ReadMemory at 0x768f0000 of 64 bytes failed: 仅完成部分的 ReadProcessMemory 或 WriteProcessMemory 请求。 (0x12B)
[0903/215116:WARNING:pe_image_reader.cc(280)] could not read dos header from C:\Windows\System32\win32u.dll
[0903/215116:ERROR:process_reader_win.cc(232)] ReadMemory at 0x75260000 of 64 bytes failed: 仅完成部分的 ReadProcessMemory 或 WriteProcessMemory 请求。 (0x12B)
[0903/215116:WARNING:pe_image_reader.cc(280)] could not read dos header from C:\Windows\System32\USER32.dll
[0903/215116:ERROR:process_reader_win.cc(232)] ReadMemory at 0x75f00000 of 64 bytes failed: 仅完成部分的 ReadProcessMemory 或 WriteProcessMemory 请求。 (0x12B)
[0903/215116:WARNING:pe_image_reader.cc(280)] could not read dos header from C:\Windows\System32\gdi32full.dll
[0903/215116:ERROR:process_reader_win.cc(232)] ReadMemory at 0x76e80000 of 64 bytes failed: 仅完成部分的 ReadProcessMemory 或 WriteProcessMemory 请求。 (0x12B)
[0903/215116:WARNING:pe_image_reader.cc(280)] could not read dos header from C:\Windows\System32\GDI32.dll
[0903/215116:ERROR:process_reader_win.cc(232)] ReadMemory at 0x76eb0000 of 64 bytes failed: 仅完成部分的 ReadProcessMemory 或 WriteProcessMemory 请求。 (0x12B)
[0903/215116:WARNING:pe_image_reader.cc(280)] could not read dos header from C:\Windows\System32\IMM32.DLL
[0903/215116:ERROR:process_reader_win.cc(232)] ReadMemory at 0x75570000 of 64 bytes failed: 仅完成部分的 ReadProcessMemory 或 WriteProcessMemory 请求。 (0x12B)
[0903/215116:WARNING:pe_image_reader.cc(280)] could not read dos header from C:\Windows\System32\SHLWAPI.dll
[0903/215116:ERROR:process_reader_win.cc(232)] ReadMemory at 0x72840000 of 64 bytes failed: 仅完成部分的 ReadProcessMemory 或 WriteProcessMemory 请求。 (0x12B)
[0903/215116:WARNING:pe_image_reader.cc(280)] could not read dos header from C:\Windows\SYSTEM32\UxTheme.dll
[0903/215116:ERROR:process_reader_win.cc(232)] ReadMemory at 0x75b40000 of 64 bytes failed: 仅完成部分的 ReadProcessMemory 或 WriteProcessMemory 请求。 (0x12B)
[0903/215116:WARNING:pe_image_reader.cc(280)] could not read dos header from C:\Windows\System32\cfgmgr32.dll
[0903/215116:ERROR:process_reader_win.cc(232)] ReadMemory at 0x723b0000 of 64 bytes failed: 仅完成部分的 ReadProcessMemory 或 WriteProcessMemory 请求。 (0x12B)
[0903/215116:WARNING:pe_image_reader.cc(280)] could not read dos header from C:\Windows\SYSTEM32\WINMMBASE.dll
[0903/215116:ERROR:process_reader_win.cc(232)] ReadMemory at 0x723e0000 of 64 bytes failed: 仅完成部分的 ReadProcessMemory 或 WriteProcessMemory 请求。 (0x12B)
[0903/215116:WARNING:pe_image_reader.cc(280)] could not read dos header from C:\Windows\SYSTEM32\WINMM.dll
[0903/215116:ERROR:process_reader_win.cc(232)] ReadMemory at 0x73660000 of 64 bytes failed: 仅完成部分的 ReadProcessMemory 或 WriteProcessMemory 请求。 (0x12B)
[0903/215116:WARNING:pe_image_reader.cc(280)] could not read dos header from C:\Windows\SYSTEM32\samcli.dll
[0903/215116:ERROR:process_reader_win.cc(232)] ReadMemory at 0x76490000 of 64 bytes failed: 仅完成部分的 ReadProcessMemory 或 WriteProcessMemory 请求。 (0x12B)
[0903/215116:WARNING:pe_image_reader.cc(280)] could not read dos header from C:\Windows\System32\ole32.dll
[0903/215116:ERROR:process_reader_win.cc(232)] ReadMemory at 0x75180000 of 64 bytes failed: 仅完成部分的 ReadProcessMemory 或 WriteProcessMemory 请求。 (0x12B)
[0903/215116:WARNING:pe_image_reader.cc(280)] could not read dos header from C:\Windows\System32\msvcp_win.dll
[0903/215116:ERROR:process_reader_win.cc(232)] ReadMemory at 0x73b50000 of 64 bytes failed: 仅完成部分的 ReadProcessMemory 或 WriteProcessMemory 请求。 (0x12B)
[0903/215116:WARNING:pe_image_reader.cc(280)] could not read dos header from C:\Windows\System32\OLEAUT32.dll
[0903/215116:ERROR:process_reader_win.cc(232)] ReadMemory at 0x755c0000 of 64 bytes failed: 仅完成部分的 ReadProcessMemory 或 WriteProcessMemory 请求。 (0x12B)
[0903/215116:WARNING:pe_image_reader.cc(280)] could not read dos header from C:\Windows\System32\advapi32.dll
[0903/215116:ERROR:process_reader_win.cc(232)] ReadMemory at 0x70b30000 of 64 bytes failed: 仅完成部分的 ReadProcessMemory 或 WriteProcessMemory 请求。 (0x12B)
[0903/215116:WARNING:pe_image_reader.cc(280)] could not read dos header from C:\Windows\SYSTEM32\MSACM32.dll
[0903/215116:ERROR:process_reader_win.cc(232)] ReadMemory at 0x72810000 of 64 bytes failed: 仅完成部分的 ReadProcessMemory 或 WriteProcessMemory 请求。 (0x12B)
[0903/215116:WARNING:pe_image_reader.cc(280)] could not read dos header from C:\Windows\SYSTEM32\VERSION.dll
[0903/215116:ERROR:process_reader_win.cc(232)] ReadMemory at 0x75200000 of 64 bytes failed: 仅完成部分的 ReadProcessMemory 或 WriteProcessMemory 请求。 (0x12B)
[0903/215116:WARNING:pe_image_reader.cc(280)] could not read dos header from C:\Windows\System32\powrprof.dll
[0903/215116:ERROR:process_reader_win.cc(232)] ReadMemory at 0x76060000 of 64 bytes failed: 仅完成部分的 ReadProcessMemory 或 WriteProcessMemory 请求。 (0x12B)
[0903/215116:WARNING:pe_image_reader.cc(280)] could not read dos header from C:\Windows\System32\kernel.appcore.dll
[0903/215116:ERROR:process_reader_win.cc(232)] ReadMemory at 0x75d00000 of 64 bytes failed: 仅完成部分的 ReadProcessMemory 或 WriteProcessMemory 请求。 (0x12B)
[0903/215116:WARNING:pe_image_reader.cc(280)] could not read dos header from C:\Windows\System32\shcore.dll
[0903/215116:ERROR:process_reader_win.cc(232)] ReadMemory at 0x75e30000 of 64 bytes failed: 仅完成部分的 ReadProcessMemory 或 WriteProcessMemory 请求。 (0x12B)
[0903/215116:WARNING:pe_image_reader.cc(280)] could not read dos header from C:\Windows\System32\profapi.dll
[0903/215116:ERROR:process_reader_win.cc(232)] ReadMemory at 0x76910000 of 64 bytes failed: 仅完成部分的 ReadProcessMemory 或 WriteProcessMemory 请求。 (0x12B)
[0903/215116:WARNING:pe_image_reader.cc(280)] could not read dos header from C:\Windows\System32\windows.storage.dll
[0903/215116:ERROR:process_reader_win.cc(232)] ReadMemory at 0x73da0000 of 64 bytes failed: 仅完成部分的 ReadProcessMemory 或 WriteProcessMemory 请求。 (0x12B)
[0903/215116:WARNING:pe_image_reader.cc(280)] could not read dos header from C:\Windows\System32\SHELL32.dll
[0903/215116:ERROR:process_reader_win.cc(232)] ReadMemory at 0x727e0000 of 64 bytes failed: 仅完成部分的 ReadProcessMemory 或 WriteProcessMemory 请求。 (0x12B)
[0903/215116:WARNING:pe_image_reader.cc(280)] could not read dos header from C:\Windows\SYSTEM32\USERENV.dll
[0903/215116:ERROR:process_reader_win.cc(232)] ReadMemory at 0x72820000 of 64 bytes failed: 仅完成部分的 ReadProcessMemory 或 WriteProcessMemory 请求。 (0x12B)
[0903/215116:WARNING:pe_image_reader.cc(280)] could not read dos header from C:\Windows\SYSTEM32\dwmapi.dll
[0903/215116:ERROR:process_reader_win.cc(232)] ReadMemory at 0x6f310000 of 64 bytes failed: 仅完成部分的 ReadProcessMemory 或 WriteProcessMemory 请求。 (0x12B)
[0903/215116:WARNING:pe_image_reader.cc(280)] could not read dos header from C:\Windows\SYSTEM32\iertutil.dll
[0903/215116:ERROR:process_reader_win.cc(232)] ReadMemory at 0x6f540000 of 64 bytes failed: 仅完成部分的 ReadProcessMemory 或 WriteProcessMemory 请求。 (0x12B)
[0903/215116:WARNING:pe_image_reader.cc(280)] could not read dos header from C:\Windows\SYSTEM32\urlmon.dll
[0903/215116:ERROR:process_reader_win.cc(232)] ReadMemory at 0x71910000 of 64 bytes failed: 仅完成部分的 ReadProcessMemory 或 WriteProcessMemory 请求。 (0x12B)
[0903/215116:WARNING:pe_image_reader.cc(280)] could not read dos header from C:\Windows\SYSTEM32\bcrypt.dll
[0903/215116:ERROR:process_reader_win.cc(232)] ReadMemory at 0x71590000 of 64 bytes failed: 仅完成部分的 ReadProcessMemory 或 WriteProcessMemory 请求。 (0x12B)
[0903/215116:WARNING:pe_image_reader.cc(280)] could not read dos header from C:\Windows\SYSTEM32\WINSPOOL.DRV
[0903/215116:ERROR:process_reader_win.cc(232)] ReadMemory at 0x73760000 of 64 bytes failed: 仅完成部分的 ReadProcessMemory 或 WriteProcessMemory 请求。 (0x12B)
[0903/215116:WARNING:pe_image_reader.cc(280)] could not read dos header from C:\Windows\SYSTEM32\MPR.dll
[0903/215116:ERROR:process_reader_win.cc(232)] ReadMemory at 0x6f930000 of 64 bytes failed: 仅完成部分的 ReadProcessMemory 或 WriteProcessMemory 请求。 (0x12B)
[0903/215116:WARNING:pe_image_reader.cc(280)] could not read dos header from C:\Program Files (x86)\Google\Chrome\Application\51.0.2704.106\chrome_elf.dll
[0903/215116:ERROR:process_reader_win.cc(232)] ReadMemory at 0x72800000 of 64 bytes failed: 仅完成部分的 ReadProcessMemory 或 WriteProcessMemory 请求。 (0x12B)
[0903/215116:WARNING:pe_image_reader.cc(280)] could not read dos header from C:\Windows\SYSTEM32\WTSAPI32.dll
[0903/215116:ERROR:process_reader_win.cc(232)] ReadMemory at 0x716a0000 of 64 bytes failed: 仅完成部分的 ReadProcessMemory 或 WriteProcessMemory 请求。 (0x12B)
[0903/215116:WARNING:pe_image_reader.cc(280)] could not read dos header from C:\Windows\SYSTEM32\WINHTTP.dll
[0903/215116:ERROR:process_reader_win.cc(232)] ReadMemory at 0x6ed20000 of 64 bytes failed: 仅完成部分的 ReadProcessMemory 或 WriteProcessMemory 请求。 (0x12B)
[0903/215116:WARNING:pe_image_reader.cc(280)] could not read dos header from C:\Windows\SYSTEM32\ninput.dll
[0903/215116:ERROR:process_reader_win.cc(232)] ReadMemory at 0x76070000 of 64 bytes failed: 仅完成部分的 ReadProcessMemory 或 WriteProcessMemory 请求。 (0x12B)
[0903/215116:WARNING:pe_image_reader.cc(280)] could not read dos header from C:\Windows\System32\PSAPI.DLL
[0903/215116:ERROR:process_reader_win.cc(232)] ReadMemory at 0x73d30000 of 64 bytes failed: 仅完成部分的 ReadProcessMemory 或 WriteProcessMemory 请求。 (0x12B)
[0903/215116:WARNING:pe_image_reader.cc(280)] could not read dos header from C:\Windows\System32\WS2_32.dll
[0903/215116:ERROR:process_reader_win.cc(232)] ReadMemory at 0x73780000 of 64 bytes failed: 仅完成部分的 ReadProcessMemory 或 WriteProcessMemory 请求。 (0x12B)
[0903/215116:WARNING:pe_image_reader.cc(280)] could not read dos header from C:\Windows\SYSTEM32\NETAPI32.dll
[0903/215116:ERROR:process_reader_win.cc(232)] ReadMemory at 0x70290000 of 64 bytes failed: 仅完成部分的 ReadProcessMemory 或 WriteProcessMemory 请求。 (0x12B)
[0903/215116:WARNING:pe_image_reader.cc(280)] could not read dos header from C:\Windows\SYSTEM32\WKSCLI.DLL
[0903/215116:ERROR:process_reader_win.cc(232)] ReadMemory at 0x73650000 of 64 bytes failed: 仅完成部分的 ReadProcessMemory 或 WriteProcessMemory 请求。 (0x12B)
[0903/215116:WARNING:pe_image_reader.cc(280)] could not read dos header from C:\Windows\SYSTEM32\NETUTILS.DLL
[0903/215116:ERROR:process_reader_win.cc(232)] ReadMemory at 0x6de90000 of 64 bytes failed: 仅完成部分的 ReadProcessMemory 或 WriteProcessMemory 请求。 (0x12B)
[0903/215116:WARNING:pe_image_reader.cc(280)] could not read dos header from C:\Program Files (x86)\360\360SafegF\360Safe\safemon\safemon.dll
[0903/215116:ERROR:process_reader_win.cc(232)] ReadMemory at 0x6e720000 of 64 bytes failed: 仅完成部分的 ReadProcessMemory 或 WriteProcessMemory 请求。 (0x12B)
[0903/215116:WARNING:pe_image_reader.cc(280)] could not read dos header from C:\Program Files (x86)\360\360SafegF\360Safe\safemon\iNetSafe.dll
[0903/215116:ERROR:process_reader_win.cc(232)] ReadMemory at 0x70610000 of 64 bytes failed: 仅完成部分的 ReadProcessMemory 或 WriteProcessMemory 请求。 (0x12B)
[0903/215116:WARNING:pe_image_reader.cc(280)] could not read dos header from C:\Windows\WinSxS\x86_microsoft.windows.common-controls_6595b64144ccf1df_6.0.14393.351_none_89c04962db040fd9\COMCTL32.dll
[0903/215116:ERROR:process_reader_win.cc(232)] ReadMemory at 0x76580000 of 64 bytes failed: 仅完成部分的 ReadProcessMemory 或 WriteProcessMemory 请求。 (0x12B)
[0903/215116:WARNING:pe_image_reader.cc(280)] could not read dos header from C:\Windows\System32\COMDLG32.dll
[0903/215116:ERROR:process_reader_win.cc(232)] ReadMemory at 0x72e50000 of 64 bytes failed: 仅完成部分的 ReadProcessMemory 或 WriteProcessMemory 请求。 (0x12B)
[0903/215116:WARNING:pe_image_reader.cc(280)] could not read dos header from C:\Windows\SYSTEM32\IPHLPAPI.DLL
[0903/215116:ERROR:process_reader_win.cc(232)] ReadMemory at 0x704d0000 of 64 bytes failed: 仅完成部分的 ReadProcessMemory 或 WriteProcessMemory 请求。 (0x12B)
[0903/215116:WARNING:pe_image_reader.cc(280)] could not read dos header from C:\Windows\SYSTEM32\USP10.dll
[0903/215116:ERROR:process_reader_win.cc(232)] ReadMemory at 0x73a40000 of 64 bytes failed: 仅完成部分的 ReadProcessMemory 或 WriteProcessMemory 请求。 (0x12B)
[0903/215116:WARNING:pe_image_reader.cc(280)] could not read dos header from C:\Windows\System32\MSASN1.dll
[0903/215116:ERROR:process_reader_win.cc(232)] ReadMemory at 0x75b80000 of 64 bytes failed: 仅完成部分的 ReadProcessMemory 或 WriteProcessMemory 请求。 (0x12B)
[0903/215116:WARNING:pe_image_reader.cc(280)] could not read dos header from C:\Windows\System32\CRYPT32.dll
[0903/215116:ERROR:process_reader_win.cc(232)] ReadMemory at 0x76820000 of 64 bytes failed: 仅完成部分的 ReadProcessMemory 或 WriteProcessMemory 请求。 (0x12B)
[0903/215116:WARNING:pe_image_reader.cc(280)] could not read dos header from C:\Windows\System32\WINTRUST.dll
[0903/215116:ERROR:process_reader_win.cc(232)] ReadMemory at 0x725b0000 of 64 bytes failed: 仅完成部分的 ReadProcessMemory 或 WriteProcessMemory 请求。 (0x12B)
[0903/215116:WARNING:pe_image_reader.cc(280)] could not read dos header from C:\Windows\SYSTEM32\Secur32.dll
[0903/215116:ERROR:process_reader_win.cc(232)] ReadMemory at 0x563c0000 of 64 bytes failed: 仅完成部分的 ReadProcessMemory 或 WriteProcessMemory 请求。 (0x12B)
[0903/215116:WARNING:pe_image_reader.cc(280)] could not read dos header from C:\Program Files (x86)\Google\Chrome\Application\51.0.2704.106\chrome_child.dll
[0903/215116:ERROR:process_reader_win.cc(232)] ReadMemory at 0x3680000 of 64 bytes failed: 仅完成部分的 ReadProcessMemory 或 WriteProcessMemory 请求。 (0x12B)
[0903/215116:WARNING:pe_image_reader.cc(280)] could not read dos header from C:\Windows\SYSTEM32\dwrite.dll
[0903/215116:ERROR:process_reader_win.cc(232)] ReadMemory at 0xfd0000 of 64 bytes failed: 仅完成部分的 ReadProcessMemory 或 WriteProcessMemory 请求。 (0x12B)
[0903/215116:WARNING:pe_image_reader.cc(280)] could not read dos header from C:\Program Files (x86)\Google\Chrome\Application\chrome.exe
[0903/215116:ERROR:process_reader_win.cc(232)] ReadMemory at 0x76670000 of 64 bytes failed: 仅完成部分的 ReadProcessMemory 或 WriteProcessMemory 请求。 (0x12B)
[0903/215116:WARNING:pe_image_reader.cc(280)] could not read dos header from C:\Windows\System32\KERNELBASE.dll
[0903/215116:ERROR:process_reader_win.cc(232)] ReadMemory at 0x75490000 of 64 bytes failed: 仅完成部分的 ReadProcessMemory 或 WriteProcessMemory 请求。 (0x12B)
[0903/215116:WARNING:pe_image_reader.cc(280)] could not read dos header from C:\Windows\System32\KERNEL32.DLL
[0903/215116:ERROR:process_reader_win.cc(232)] ReadMemory at 0x6e760000 of 64 bytes failed: 仅完成部分的 ReadProcessMemory 或 WriteProcessMemory 请求。 (0x12B)
[0903/215116:WARNING:pe_image_reader.cc(280)] could not read dos header from C:\Windows\AppPatch\AcGenral.dll
[0903/215116:ERROR:process_reader_win.cc(232)] ReadMemory at 0x76ee0000 of 64 bytes failed: 仅完成部分的 ReadProcessMemory 或 WriteProcessMemory 请求。 (0x12B)
[0903/215116:WARNING:pe_image_reader.cc(280)] could not read dos header from C:\Windows\SYSTEM32\ntdll.dll
[0903/215116:ERROR:process_reader_win.cc(232)] ReadMemory at 0x6eaa0000 of 64 bytes failed: 仅完成部分的 ReadProcessMemory 或 WriteProcessMemory 请求。 (0x12B)
[0903/215116:WARNING:pe_image_reader.cc(280)] could not read dos header from C:\Windows\system32\apphelp.dll
[0903/215116:ERROR:process_reader_win.cc(232)] ReadMemory at 0x75e40000 of 64 bytes failed: 仅完成部分的 ReadProcessMemory 或 WriteProcessMemory 请求。 (0x12B)
[0903/215116:WARNING:pe_image_reader.cc(280)] could not read dos header from C:\Windows\System32\msvcrt.dll
[0903/215116:ERROR:process_reader_win.cc(232)] ReadMemory at 0x76890000 of 64 bytes failed: 仅完成部分的 ReadProcessMemory 或 WriteProcessMemory 请求。 (0x12B)
[0903/215116:WARNING:pe_image_reader.cc(280)] could not read dos header from C:\Windows\System32\bcryptPrimitives.dll
[0903/215116:ERROR:process_reader_win.cc(232)] ReadMemory at 0x738a0000 of 64 bytes failed: 仅完成部分的 ReadProcessMemory 或 WriteProcessMemory 请求。 (0x12B)
[0903/215116:WARNING:pe_image_reader.cc(280)] could not read dos header from C:\Windows\System32\CRYPTBASE.dll
[0903/215116:ERROR:process_reader_win.cc(232)] ReadMemory at 0x738b0000 of 64 bytes failed: 仅完成部分的 ReadProcessMemory 或 WriteProcessMemory 请求。 (0x12B)
[0903/215116:WARNING:pe_image_reader.cc(280)] could not read dos header from C:\Windows\System32\SspiCli.dll
[0903/215116:ERROR:process_reader_win.cc(232)] ReadMemory at 0x753c0000 of 64 bytes failed: 仅完成部分的 ReadProcessMemory 或 WriteProcessMemory 请求。 (0x12B)
[0903/215116:WARNING:pe_image_reader.cc(280)] could not read dos header from C:\Windows\System32\RPCRT4.dll
[0903/215116:ERROR:process_reader_win.cc(232)] ReadMemory at 0x758c0000 of 64 bytes failed: 仅完成部分的 ReadProcessMemory 或 WriteProcessMemory 请求。 (0x12B)
[0903/215116:WARNING:pe_image_reader.cc(280)] could not read dos header from C:\Windows\System32\sechost.dll
[0903/215116:ERROR:process_reader_win.cc(232)] ReadMemory at 0x73c50000 of 64 bytes failed: 仅完成部分的 ReadProcessMemory 或 WriteProcessMemory 请求。 (0x12B)
[0903/215116:WARNING:pe_image_reader.cc(280)] could not read dos header from C:\Windows\System32\ucrtbase.dll
[0903/215116:ERROR:process_reader_win.cc(232)] ReadMemory at 0x75640000 of 64 bytes failed: 仅完成部分的 ReadProcessMemory 或 WriteProcessMemory 请求。 (0x12B)
[0903/215116:WARNING:pe_image_reader.cc(280)] could not read dos header from C:\Windows\System32\combase.dll
[0903/215116:ERROR:process_reader_win.cc(232)] ReadMemory at 0x768f0000 of 64 bytes failed: 仅完成部分的 ReadProcessMemory 或 WriteProcessMemory 请求。 (0x12B)
[0903/215116:WARNING:pe_image_reader.cc(280)] could not read dos header from C:\Windows\System32\win32u.dll
[0903/215116:ERROR:process_reader_win.cc(232)] ReadMemory at 0x75260000 of 64 bytes failed: 仅完成部分的 ReadProcessMemory 或 WriteProcessMemory 请求。 (0x12B)
[0903/215116:WARNING:pe_image_reader.cc(280)] could not read dos header from C:\Windows\System32\USER32.dll
[0903/215116:ERROR:process_reader_win.cc(232)] ReadMemory at 0x75f00000 of 64 bytes failed: 仅完成部分的 ReadProcessMemory 或 WriteProcessMemory 请求。 (0x12B)
[0903/215116:WARNING:pe_image_reader.cc(280)] could not read dos header from C:\Windows\System32\gdi32full.dll
[0903/215116:ERROR:process_reader_win.cc(232)] ReadMemory at 0x76e80000 of 64 bytes failed: 仅完成部分的 ReadProcessMemory 或 WriteProcessMemory 请求。 (0x12B)
[0903/215116:WARNING:pe_image_reader.cc(280)] could not read dos header from C:\Windows\System32\GDI32.dll
[0903/215116:ERROR:process_reader_win.cc(232)] ReadMemory at 0x76eb0000 of 64 bytes failed: 仅完成部分的 ReadProcessMemory 或 WriteProcessMemory 请求。 (0x12B)
[0903/215116:WARNING:pe_image_reader.cc(280)] could not read dos header from C:\Windows\System32\IMM32.DLL
[0903/215116:ERROR:process_reader_win.cc(232)] ReadMemory at 0x75570000 of 64 bytes failed: 仅完成部分的 ReadProcessMemory 或 WriteProcessMemory 请求。 (0x12B)
[0903/215116:WARNING:pe_image_reader.cc(280)] could not read dos header from C:\Windows\System32\SHLWAPI.dll
[0903/215116:ERROR:process_reader_win.cc(232)] ReadMemory at 0x72840000 of 64 bytes failed: 仅完成部分的 ReadProcessMemory 或 WriteProcessMemory 请求。 (0x12B)
[0903/215116:WARNING:pe_image_reader.cc(280)] could not read dos header from C:\Windows\SYSTEM32\UxTheme.dll
[0903/215116:ERROR:process_reader_win.cc(232)] ReadMemory at 0x75b40000 of 64 bytes failed: 仅完成部分的 ReadProcessMemory 或 WriteProcessMemory 请求。 (0x12B)
[0903/215116:WARNING:pe_image_reader.cc(280)] could not read dos header from C:\Windows\System32\cfgmgr32.dll
[0903/215116:ERROR:process_reader_win.cc(232)] ReadMemory at 0x723b0000 of 64 bytes failed: 仅完成部分的 ReadProcessMemory 或 WriteProcessMemory 请求。 (0x12B)
[0903/215116:WARNING:pe_image_reader.cc(280)] could not read dos header from C:\Windows\SYSTEM32\WINMMBASE.dll
[0903/215116:ERROR:process_reader_win.cc(232)] ReadMemory at 0x723e0000 of 64 bytes failed: 仅完成部分的 ReadProcessMemory 或 WriteProcessMemory 请求。 (0x12B)
[0903/215116:WARNING:pe_image_reader.cc(280)] could not read dos header from C:\Windows\SYSTEM32\WINMM.dll
[0903/215116:ERROR:process_reader_win.cc(232)] ReadMemory at 0x73660000 of 64 bytes failed: 仅完成部分的 ReadProcessMemory 或 WriteProcessMemory 请求。 (0x12B)
[0903/215116:WARNING:pe_image_reader.cc(280)] could not read dos header from C:\Windows\SYSTEM32\samcli.dll
[0903/215116:ERROR:process_reader_win.cc(232)] ReadMemory at 0x76490000 of 64 bytes failed: 仅完成部分的 ReadProcessMemory 或 WriteProcessMemory 请求。 (0x12B)
[0903/215116:WARNING:pe_image_reader.cc(280)] could not read dos header from C:\Windows\System32\ole32.dll
[0903/215116:ERROR:process_reader_win.cc(232)] ReadMemory at 0x75180000 of 64 bytes failed: 仅完成部分的 ReadProcessMemory 或 WriteProcessMemory 请求。 (0x12B)
[0903/215116:WARNING:pe_image_reader.cc(280)] could not read dos header from C:\Windows\System32\msvcp_win.dll
[0903/215116:ERROR:process_reader_win.cc(232)] ReadMemory at 0x73b50000 of 64 bytes failed: 仅完成部分的 ReadProcessMemory 或 WriteProcessMemory 请求。 (0x12B)
[0903/215116:WARNING:pe_image_reader.cc(280)] could not read dos header from C:\Windows\System32\OLEAUT32.dll
[0903/215116:ERROR:process_reader_win.cc(232)] ReadMemory at 0x755c0000 of 64 bytes failed: 仅完成部分的 ReadProcessMemory 或 WriteProcessMemory 请求。 (0x12B)
[0903/215116:WARNING:pe_image_reader.cc(280)] could not read dos header from C:\Windows\System32\advapi32.dll
[0903/215116:ERROR:process_reader_win.cc(232)] ReadMemory at 0x70b30000 of 64 bytes failed: 仅完成部分的 ReadProcessMemory 或 WriteProcessMemory 请求。 (0x12B)
[0903/215116:WARNING:pe_image_reader.cc(280)] could not read dos header from C:\Windows\SYSTEM32\MSACM32.dll
[0903/215116:ERROR:process_reader_win.cc(232)] ReadMemory at 0x72810000 of 64 bytes failed: 仅完成部分的 ReadProcessMemory 或 WriteProcessMemory 请求。 (0x12B)
[0903/215116:WARNING:pe_image_reader.cc(280)] could not read dos header from C:\Windows\SYSTEM32\VERSION.dll
[0903/215116:ERROR:process_reader_win.cc(232)] ReadMemory at 0x75200000 of 64 bytes failed: 仅完成部分的 ReadProcessMemory 或 WriteProcessMemory 请求。 (0x12B)
[0903/215116:WARNING:pe_image_reader.cc(280)] could not read dos header from C:\Windows\System32\powrprof.dll
[0903/215116:ERROR:process_reader_win.cc(232)] ReadMemory at 0x76060000 of 64 bytes failed: 仅完成部分的 ReadProcessMemory 或 WriteProcessMemory 请求。 (0x12B)
[0903/215116:WARNING:pe_image_reader.cc(280)] could not read dos header from C:\Windows\System32\kernel.appcore.dll
[0903/215116:ERROR:process_reader_win.cc(232)] ReadMemory at 0x75d00000 of 64 bytes failed: 仅完成部分的 ReadProcessMemory 或 WriteProcessMemory 请求。 (0x12B)
[0903/215116:WARNING:pe_image_reader.cc(280)] could not read dos header from C:\Windows\System32\shcore.dll
[0903/215116:ERROR:process_reader_win.cc(232)] ReadMemory at 0x75e30000 of 64 bytes failed: 仅完成部分的 ReadProcessMemory 或 WriteProcessMemory 请求。 (0x12B)
[0903/215116:WARNING:pe_image_reader.cc(280)] could not read dos header from C:\Windows\System32\profapi.dll
[0903/215116:ERROR:process_reader_win.cc(232)] ReadMemory at 0x76910000 of 64 bytes failed: 仅完成部分的 ReadProcessMemory 或 WriteProcessMemory 请求。 (0x12B)
[0903/215116:WARNING:pe_image_reader.cc(280)] could not read dos header from C:\Windows\System32\windows.storage.dll
[0903/215116:ERROR:process_reader_win.cc(232)] ReadMemory at 0x73da0000 of 64 bytes failed: 仅完成部分的 ReadProcessMemory 或 WriteProcessMemory 请求。 (0x12B)
[0903/215116:WARNING:pe_image_reader.cc(280)] could not read dos header from C:\Windows\System32\SHELL32.dll
[0903/215116:ERROR:process_reader_win.cc(232)] ReadMemory at 0x727e0000 of 64 bytes failed: 仅完成部分的 ReadProcessMemory 或 WriteProcessMemory 请求。 (0x12B)
[0903/215116:WARNING:pe_image_reader.cc(280)] could not read dos header from C:\Windows\SYSTEM32\USERENV.dll
[0903/215116:ERROR:process_reader_win.cc(232)] ReadMemory at 0x72820000 of 64 bytes failed: 仅完成部分的 ReadProcessMemory 或 WriteProcessMemory 请求。 (0x12B)
[0903/215116:WARNING:pe_image_reader.cc(280)] could not read dos header from C:\Windows\SYSTEM32\dwmapi.dll
[0903/215116:ERROR:process_reader_win.cc(232)] ReadMemory at 0x6f310000 of 64 bytes failed: 仅完成部分的 ReadProcessMemory 或 WriteProcessMemory 请求。 (0x12B)
[0903/215116:WARNING:pe_image_reader.cc(280)] could not read dos header from C:\Windows\SYSTEM32\iertutil.dll
[0903/215116:ERROR:process_reader_win.cc(232)] ReadMemory at 0x6f540000 of 64 bytes failed: 仅完成部分的 ReadProcessMemory 或 WriteProcessMemory 请求。 (0x12B)
[0903/215116:WARNING:pe_image_reader.cc(280)] could not read dos header from C:\Windows\SYSTEM32\urlmon.dll
[0903/215116:ERROR:process_reader_win.cc(232)] ReadMemory at 0x71910000 of 64 bytes failed: 仅完成部分的 ReadProcessMemory 或 WriteProcessMemory 请求。 (0x12B)
[0903/215116:WARNING:pe_image_reader.cc(280)] could not read dos header from C:\Windows\SYSTEM32\bcrypt.dll
[0903/215116:ERROR:process_reader_win.cc(232)] ReadMemory at 0x71590000 of 64 bytes failed: 仅完成部分的 ReadProcessMemory 或 WriteProcessMemory 请求。 (0x12B)
[0903/215116:WARNING:pe_image_reader.cc(280)] could not read dos header from C:\Windows\SYSTEM32\WINSPOOL.DRV
[0903/215116:ERROR:process_reader_win.cc(232)] ReadMemory at 0x73760000 of 64 bytes failed: 仅完成部分的 ReadProcessMemory 或 WriteProcessMemory 请求。 (0x12B)
[0903/215116:WARNING:pe_image_reader.cc(280)] could not read dos header from C:\Windows\SYSTEM32\MPR.dll
[0903/215116:ERROR:process_reader_win.cc(232)] ReadMemory at 0x6f930000 of 64 bytes failed: 仅完成部分的 ReadProcessMemory 或 WriteProcessMemory 请求。 (0x12B)
[0903/215116:WARNING:pe_image_reader.cc(280)] could not read dos header from C:\Program Files (x86)\Google\Chrome\Application\51.0.2704.106\chrome_elf.dll
[0903/215116:ERROR:process_reader_win.cc(232)] ReadMemory at 0x72800000 of 64 bytes failed: 仅完成部分的 ReadProcessMemory 或 WriteProcessMemory 请求。 (0x12B)
[0903/215116:WARNING:pe_image_reader.cc(280)] could not read dos header from C:\Windows\SYSTEM32\WTSAPI32.dll
[0903/215116:ERROR:process_reader_win.cc(232)] ReadMemory at 0x716a0000 of 64 bytes failed: 仅完成部分的 ReadProcessMemory 或 WriteProcessMemory 请求。 (0x12B)
[0903/215116:WARNING:pe_image_reader.cc(280)] could not read dos header from C:\Windows\SYSTEM32\WINHTTP.dll
[0903/215116:ERROR:process_reader_win.cc(232)] ReadMemory at 0x6ed20000 of 64 bytes failed: 仅完成部分的 ReadProcessMemory 或 WriteProcessMemory 请求。 (0x12B)
[0903/215116:WARNING:pe_image_reader.cc(280)] could not read dos header from C:\Windows\SYSTEM32\ninput.dll
[0903/215116:ERROR:process_reader_win.cc(232)] ReadMemory at 0x76070000 of 64 bytes failed: 仅完成部分的 ReadProcessMemory 或 WriteProcessMemory 请求。 (0x12B)
[0903/215116:WARNING:pe_image_reader.cc(280)] could not read dos header from C:\Windows\System32\PSAPI.DLL
[0903/215116:ERROR:process_reader_win.cc(232)] ReadMemory at 0x73d30000 of 64 bytes failed: 仅完成部分的 ReadProcessMemory 或 WriteProcessMemory 请求。 (0x12B)
[0903/215116:WARNING:pe_image_reader.cc(280)] could not read dos header from C:\Windows\System32\WS2_32.dll
[0903/215116:ERROR:process_reader_win.cc(232)] ReadMemory at 0x73780000 of 64 bytes failed: 仅完成部分的 ReadProcessMemory 或 WriteProcessMemory 请求。 (0x12B)
[0903/215116:WARNING:pe_image_reader.cc(280)] could not read dos header from C:\Windows\SYSTEM32\NETAPI32.dll
[0903/215116:ERROR:process_reader_win.cc(232)] ReadMemory at 0x70290000 of 64 bytes failed: 仅完成部分的 ReadProcessMemory 或 WriteProcessMemory 请求。 (0x12B)
[0903/215116:WARNING:pe_image_reader.cc(280)] could not read dos header from C:\Windows\SYSTEM32\WKSCLI.DLL
[0903/215116:ERROR:process_reader_win.cc(232)] ReadMemory at 0x73650000 of 64 bytes failed: 仅完成部分的 ReadProcessMemory 或 WriteProcessMemory 请求。 (0x12B)
[0903/215116:WARNING:pe_image_reader.cc(280)] could not read dos header from C:\Windows\SYSTEM32\NETUTILS.DLL
[0903/215116:ERROR:process_reader_win.cc(232)] ReadMemory at 0x6de90000 of 64 bytes failed: 仅完成部分的 ReadProcessMemory 或 WriteProcessMemory 请求。 (0x12B)
[0903/215116:WARNING:pe_image_reader.cc(280)] could not read dos header from C:\Program Files (x86)\360\360SafegF\360Safe\safemon\safemon.dll
[0903/215116:ERROR:process_reader_win.cc(232)] ReadMemory at 0x6e720000 of 64 bytes failed: 仅完成部分的 ReadProcessMemory 或 WriteProcessMemory 请求。 (0x12B)
[0903/215116:WARNING:pe_image_reader.cc(280)] could not read dos header from C:\Program Files (x86)\360\360SafegF\360Safe\safemon\iNetSafe.dll
[0903/215116:ERROR:process_reader_win.cc(232)] ReadMemory at 0x70610000 of 64 bytes failed: 仅完成部分的 ReadProcessMemory 或 WriteProcessMemory 请求。 (0x12B)
[0903/215116:WARNING:pe_image_reader.cc(280)] could not read dos header from C:\Windows\WinSxS\x86_microsoft.windows.common-controls_6595b64144ccf1df_6.0.14393.351_none_89c04962db040fd9\COMCTL32.dll
[0903/215116:ERROR:process_reader_win.cc(232)] ReadMemory at 0x76580000 of 64 bytes failed: 仅完成部分的 ReadProcessMemory 或 WriteProcessMemory 请求。 (0x12B)
[0903/215116:WARNING:pe_image_reader.cc(280)] could not read dos header from C:\Windows\System32\COMDLG32.dll
[0903/215116:ERROR:process_reader_win.cc(232)] ReadMemory at 0x72e50000 of 64 bytes failed: 仅完成部分的 ReadProcessMemory 或 WriteProcessMemory 请求。 (0x12B)
[0903/215116:WARNING:pe_image_reader.cc(280)] could not read dos header from C:\Windows\SYSTEM32\IPHLPAPI.DLL
[0903/215116:ERROR:process_reader_win.cc(232)] ReadMemory at 0x704d0000 of 64 bytes failed: 仅完成部分的 ReadProcessMemory 或 WriteProcessMemory 请求。 (0x12B)
[0903/215116:WARNING:pe_image_reader.cc(280)] could not read dos header from C:\Windows\SYSTEM32\USP10.dll
[0903/215116:ERROR:process_reader_win.cc(232)] ReadMemory at 0x73a40000 of 64 bytes failed: 仅完成部分的 ReadProcessMemory 或 WriteProcessMemory 请求。 (0x12B)
[0903/215116:WARNING:pe_image_reader.cc(280)] could not read dos header from C:\Windows\System32\MSASN1.dll
[0903/215116:ERROR:process_reader_win.cc(232)] ReadMemory at 0x75b80000 of 64 bytes failed: 仅完成部分的 ReadProcessMemory 或 WriteProcessMemory 请求。 (0x12B)
[0903/215116:WARNING:pe_image_reader.cc(280)] could not read dos header from C:\Windows\System32\CRYPT32.dll
[0903/215116:ERROR:process_reader_win.cc(232)] ReadMemory at 0x76820000 of 64 bytes failed: 仅完成部分的 ReadProcessMemory 或 WriteProcessMemory 请求。 (0x12B)
[0903/215116:WARNING:pe_image_reader.cc(280)] could not read dos header from C:\Windows\System32\WINTRUST.dll
[0903/215116:ERROR:process_reader_win.cc(232)] ReadMemory at 0x725b0000 of 64 bytes failed: 仅完成部分的 ReadProcessMemory 或 WriteProcessMemory 请求。 (0x12B)
[0903/215116:WARNING:pe_image_reader.cc(280)] could not read dos header from C:\Windows\SYSTEM32\Secur32.dll
[0903/215116:ERROR:process_reader_win.cc(232)] ReadMemory at 0x563c0000 of 64 bytes failed: 仅完成部分的 ReadProcessMemory 或 WriteProcessMemory 请求。 (0x12B)
[0903/215116:WARNING:pe_image_reader.cc(280)] could not read dos header from C:\Program Files (x86)\Google\Chrome\Application\51.0.2704.106\chrome_child.dll
[0903/215116:ERROR:process_reader_win.cc(232)] ReadMemory at 0x3680000 of 64 bytes failed: 仅完成部分的 ReadProcessMemory 或 WriteProcessMemory 请求。 (0x12B)
[0903/215116:WARNING:pe_image_reader.cc(280)] could not read dos header from C:\Windows\SYSTEM32\dwrite.dll
[0903/215116:ERROR:process_reader_win.cc(232)] ReadMemory at 0xcf5000 of 45056 bytes failed: 仅完成部分的 ReadProcessMemory 或 WriteProcessMemory 请求。 (0x12B)
[0903/215116:ERROR:crash_report_exception_handler.cc(102)] WriteEverything failed
[0903/215116:ERROR:scoped_process_suspend.cc(38)] NtResumeProcess, ntstatus=-1073741558
